<?xml version="1.0" encoding="UTF-8"?>
<testng-results ignored="0" total="0" passed="0" failed="0" skipped="0">
  <reporter-output>
  </reporter-output>
  <suite started-at="2020-11-21T17:50:15 EST" name="Default suite" finished-at="2020-11-21T17:50:18 EST" duration-ms="2440">
    <groups>
      <group name="cucumber">
        <method signature="AbstractTestNGCucumberTests.runScenario(io.cucumber.testng.PickleWrapper, io.cucumber.testng.FeatureWrapper)[pri:0, instance:com.app.runners.CukesRunner@7ce3cb8e]" name="runScenario" class="io.cucumber.testng.AbstractTestNGCucumberTests"/>
      </group> <!-- cucumber -->
    </groups>
    <test started-at="2020-11-21T17:50:15 EST" name="Default test" finished-at="2020-11-21T17:50:18 EST" duration-ms="2440">
      <class name="com.app.runners.CukesRunner">
        <test-method is-config="true" signature="setUpClass()[pri:0, instance:com.app.runners.CukesRunner@7ce3cb8e]" started-at="2020-11-21T17:50:15 EST" name="setUpClass" finished-at="2020-11-21T17:50:16 EST" duration-ms="764" status="PASS">
          <reporter-output>
          </reporter-output>
        </test-method> <!-- setUpClass -->
        <test-method is-config="true" signature="tearDownClass()[pri:0, instance:com.app.runners.CukesRunner@7ce3cb8e]" started-at="2020-11-21T17:50:16 EST" name="tearDownClass" finished-at="2020-11-21T17:50:18 EST" duration-ms="1633" status="PASS">
          <reporter-output>
          </reporter-output>
        </test-method> <!-- tearDownClass -->
      </class> <!-- com.app.runners.CukesRunner -->
    </test> <!-- Default test -->
  </suite> <!-- Default suite -->
</testng-results>
